  [4;36;1mSQL (0.5ms)[0m   [0;1m SELECT name
 FROM sqlite_master
 WHERE type = 'table' AND NOT name = 'sqlite_sequence'
[0m
  [4;35;1mSQL (0.3ms)[0m   [0mselect sqlite_version(*)[0m
  [4;36;1mSQL (9.2ms)[0m   [0;1mCREATE TABLE "schema_migrations" ("version" varchar(255) NOT NULL) [0m
  [4;35;1mSQL (8.0ms)[0m   [0mCREATE UNIQUE INDEX "unique_schema_migrations" ON "schema_migrations" ("version")[0m
  [4;36;1mSQL (0.4ms)[0m   [0;1m SELECT name
 FROM sqlite_master
 WHERE type = 'table' AND NOT name = 'sqlite_sequence'
[0m
  [4;35;1mSQL (0.5ms)[0m   [0m SELECT name
 FROM sqlite_master
 WHERE type = 'table' AND NOT name = 'sqlite_sequence'
[0m
  [4;36;1mSQL (0.2ms)[0m   [0;1mSELECT version FROM schema_migrations[0m
  [4;35;1mSQL (0.3ms)[0m   [0m SELECT name
 FROM sqlite_master
 WHERE type = 'table' AND NOT name = 'sqlite_sequence'
[0m


Processing ApplicationController#index (for 127.0.0.1 at 2009-09-16 22:48:41) [GET]

ActionController::RoutingError (No route matches "/" with {:method=>:get}):
  

Rendering rescues/layout (not_found)


Processing ApplicationController#index (for 127.0.0.1 at 2009-09-16 23:17:41) [GET]

NameError (uninitialized constant ApplicationController::Base):
  app/controllers/site_controller.rb:1

Rendered rescues/_trace (228.2ms)
Rendered rescues/_request_and_response (2.7ms)
Rendering rescues/layout (internal_server_error)


Processing SiteController#index (for 127.0.0.1 at 2009-09-16 23:18:07) [GET]

ActionView::MissingTemplate (Missing template site/index.erb in view path app/views):
  haml (2.2.2) rails/./lib/sass/plugin/rails.rb:19:in `process'

Rendering rescues/layout (internal_server_error)


Processing SiteController#index (for 127.0.0.1 at 2009-09-16 23:19:39) [GET]

ActionView::MissingTemplate (Missing template site/index.erb in view path app/views):
  haml (2.2.2) rails/./lib/sass/plugin/rails.rb:19:in `process'

Rendering rescues/layout (internal_server_error)


Processing SiteController#index (for 127.0.0.1 at 2009-09-16 23:19:49) [GET]

ActionView::MissingTemplate (Missing template site/index.erb in view path app/views):
  haml (2.2.2) rails/./lib/sass/plugin/rails.rb:19:in `process'

Rendering rescues/layout (internal_server_error)


Processing SiteController#index (for 127.0.0.1 at 2009-09-16 23:20:07) [GET]
Rendering site/index
Completed in 198ms (View: 189, DB: 0) | 200 OK [http://localhost/]


Processing SiteController#index (for 127.0.0.1 at 2009-09-16 23:22:05) [GET]
Rendering site/index
Completed in 56ms (View: 35, DB: 0) | 200 OK [http://localhost/]


Processing SiteController#index (for 127.0.0.1 at 2009-09-16 23:25:42) [GET]
Rendering site/index
Completed in 52ms (View: 35, DB: 0) | 200 OK [http://localhost/]


Processing SiteController#index (for 127.0.0.1 at 2009-09-16 23:26:48) [GET]
Rendering site/index
Completed in 70ms (View: 50, DB: 0) | 200 OK [http://localhost/]


Processing SiteController#index (for 127.0.0.1 at 2009-09-16 23:27:17) [GET]
Rendering site/index
Completed in 15ms (View: 11, DB: 0) | 200 OK [http://localhost/]


Processing SiteController#index (for 127.0.0.1 at 2009-09-16 23:28:56) [GET]
Rendering site/index
Completed in 81ms (View: 55, DB: 0) | 200 OK [http://localhost/]


Processing SiteController#index (for 127.0.0.1 at 2009-09-16 23:37:07) [GET]
Rendering site/index
Completed in 54ms (View: 37, DB: 0) | 200 OK [http://localhost/]


Processing SiteController#languages (for 127.0.0.1 at 2009-09-16 23:44:57) [GET]
Rendering site/languages
Completed in 50ms (View: 30, DB: 0) | 200 OK [http://localhost/languages]


Processing SiteController#languages (for 127.0.0.1 at 2009-09-16 23:52:15) [GET]
Rendering site/languages
Completed in 65ms (View: 28, DB: 0) | 200 OK [http://localhost/languages]


Processing SiteController#services (for 127.0.0.1 at 2009-09-16 23:52:21) [GET]
Rendering site/services
Completed in 32ms (View: 22, DB: 0) | 200 OK [http://localhost/services]


Processing SiteController#services (for 127.0.0.1 at 2009-09-16 23:53:15) [GET]
Rendering site/services
Completed in 60ms (View: 40, DB: 0) | 200 OK [http://localhost/services]


Processing SiteController#services (for 127.0.0.1 at 2009-09-17 00:06:30) [GET]
Rendering site/services

ActionView::TemplateError (Inconsistent indentation: 1 tab was used for indentation, but the rest of the document was indented using 2 spaces.) on line #13 of app/views/site/services.html.haml:
10:   %ul
11:     %li
12:       %span.highlight
13: 	Assistance administrative 
14:       et bureautique à distance. Déplacements possibles sur Paris et dans certains départements.
15:     %li
16:       %span.highlight

    app/views/site/services.html.haml:13
    haml (2.2.2) lib/haml/precompiler.rb:141:in `tabs'
    haml (2.2.2) lib/haml/precompiler.rb:123:in `instance_eval'
    haml (2.2.2) lib/haml/precompiler.rb:123:in `tabs'
    haml (2.2.2) lib/haml/precompiler.rb:944:in `block_opened?'
    haml (2.2.2) lib/haml/precompiler.rb:700:in `render_tag'
    haml (2.2.2) lib/haml/precompiler.rb:204:in `process_line'
    haml (2.2.2) lib/haml/precompiler.rb:168:in `precompile'
    haml (2.2.2) lib/haml/engine.rb:112:in `initialize'
    haml (2.2.2) rails/./lib/haml/template/plugin.rb:21:in `new'
    haml (2.2.2) rails/./lib/haml/template/plugin.rb:21:in `compile'
    haml (2.2.2) lib/haml/helpers/action_view_mods.rb:13:in `render'
    haml (2.2.2) rails/./lib/sass/plugin/rails.rb:19:in `process'

Rendered rescues/_trace (159.9ms)
Rendered rescues/_request_and_response (0.8ms)
Rendering rescues/layout (internal_server_error)


Processing SiteController#services (for 127.0.0.1 at 2009-09-17 00:07:00) [GET]
Rendering site/services

ActionView::TemplateError (Inconsistent indentation: 1 tab was used for indentation, but the rest of the document was indented using 2 spaces.) on line #13 of app/views/site/services.html.haml:
10:   %ul
11:     %li
12:       %span.highlight
13: 	Assistance administrative 
14:       et bureautique à distance. Déplacements possibles sur Paris et dans certains départements.
15:     %li
16:       %span.highlight

    app/views/site/services.html.haml:13
    haml (2.2.2) lib/haml/precompiler.rb:141:in `tabs'
    haml (2.2.2) lib/haml/precompiler.rb:123:in `instance_eval'
    haml (2.2.2) lib/haml/precompiler.rb:123:in `tabs'
    haml (2.2.2) lib/haml/precompiler.rb:944:in `block_opened?'
    haml (2.2.2) lib/haml/precompiler.rb:700:in `render_tag'
    haml (2.2.2) lib/haml/precompiler.rb:204:in `process_line'
    haml (2.2.2) lib/haml/precompiler.rb:168:in `precompile'
    haml (2.2.2) lib/haml/engine.rb:112:in `initialize'
    haml (2.2.2) rails/./lib/haml/template/plugin.rb:21:in `new'
    haml (2.2.2) rails/./lib/haml/template/plugin.rb:21:in `compile'
    haml (2.2.2) lib/haml/helpers/action_view_mods.rb:13:in `render'
    haml (2.2.2) rails/./lib/sass/plugin/rails.rb:19:in `process'

Rendered rescues/_trace (245.9ms)
Rendered rescues/_request_and_response (0.6ms)
Rendering rescues/layout (internal_server_error)


Processing SiteController#services (for 127.0.0.1 at 2009-09-17 00:07:03) [GET]
Rendering site/services

ActionView::TemplateError (Inconsistent indentation: 1 tab was used for indentation, but the rest of the document was indented using 2 spaces.) on line #13 of app/views/site/services.html.haml:
10:   %ul
11:     %li
12:       %span.highlight
13: 	Assistance administrative 
14:       et bureautique à distance. Déplacements possibles sur Paris et dans certains départements.
15:     %li
16:       %span.highlight

    app/views/site/services.html.haml:13
    haml (2.2.2) lib/haml/precompiler.rb:141:in `tabs'
    haml (2.2.2) lib/haml/precompiler.rb:123:in `instance_eval'
    haml (2.2.2) lib/haml/precompiler.rb:123:in `tabs'
    haml (2.2.2) lib/haml/precompiler.rb:944:in `block_opened?'
    haml (2.2.2) lib/haml/precompiler.rb:700:in `render_tag'
    haml (2.2.2) lib/haml/precompiler.rb:204:in `process_line'
    haml (2.2.2) lib/haml/precompiler.rb:168:in `precompile'
    haml (2.2.2) lib/haml/engine.rb:112:in `initialize'
    haml (2.2.2) rails/./lib/haml/template/plugin.rb:21:in `new'
    haml (2.2.2) rails/./lib/haml/template/plugin.rb:21:in `compile'
    haml (2.2.2) lib/haml/helpers/action_view_mods.rb:13:in `render'
    haml (2.2.2) rails/./lib/sass/plugin/rails.rb:19:in `process'

Rendered rescues/_trace (342.7ms)
Rendered rescues/_request_and_response (0.6ms)
Rendering rescues/layout (internal_server_error)


Processing SiteController#services (for 127.0.0.1 at 2009-09-17 00:07:23) [GET]
Rendering site/services

ActionView::TemplateError (Inconsistent indentation: 1 tab was used for indentation, but the rest of the document was indented using 2 spaces.) on line #13 of app/views/site/services.html.haml:
10:   %ul
11:     %li
12:       %span.highlight
13: 	Assistance administrative 
14:       et bureautique à distance. Déplacements possibles sur Paris et dans certains départements.
15:     %li
16:       %span.highlight

    app/views/site/services.html.haml:13
    haml (2.2.2) lib/haml/precompiler.rb:141:in `tabs'
    haml (2.2.2) lib/haml/precompiler.rb:123:in `instance_eval'
    haml (2.2.2) lib/haml/precompiler.rb:123:in `tabs'
    haml (2.2.2) lib/haml/precompiler.rb:944:in `block_opened?'
    haml (2.2.2) lib/haml/precompiler.rb:700:in `render_tag'
    haml (2.2.2) lib/haml/precompiler.rb:204:in `process_line'
    haml (2.2.2) lib/haml/precompiler.rb:168:in `precompile'
    haml (2.2.2) lib/haml/engine.rb:112:in `initialize'
    haml (2.2.2) rails/./lib/haml/template/plugin.rb:21:in `new'
    haml (2.2.2) rails/./lib/haml/template/plugin.rb:21:in `compile'
    haml (2.2.2) lib/haml/helpers/action_view_mods.rb:13:in `render'
    haml (2.2.2) rails/./lib/sass/plugin/rails.rb:19:in `process'

Rendered rescues/_trace (120.9ms)
Rendered rescues/_request_and_response (2.2ms)
Rendering rescues/layout (internal_server_error)


Processing SiteController#services (for 127.0.0.1 at 2009-09-17 00:07:37) [GET]
Rendering site/services

ActionView::TemplateError (Inconsistent indentation: 1 tab was used for indentation, but the rest of the document was indented using 2 spaces.) on line #17 of app/views/site/services.html.haml:
14:       et bureautique à distance. Déplacements possibles sur Paris et dans certains départements.
15:     %li
16:       %span.highlight
17: 	Rédaction 
18:       de courriers, articles, contenu de sites internet (en plusieurs langues)
19:     %li
20:       %span.highlight

    app/views/site/services.html.haml:17
    haml (2.2.2) lib/haml/precompiler.rb:141:in `tabs'
    haml (2.2.2) lib/haml/precompiler.rb:123:in `instance_eval'
    haml (2.2.2) lib/haml/precompiler.rb:123:in `tabs'
    haml (2.2.2) lib/haml/precompiler.rb:944:in `block_opened?'
    haml (2.2.2) lib/haml/precompiler.rb:700:in `render_tag'
    haml (2.2.2) lib/haml/precompiler.rb:204:in `process_line'
    haml (2.2.2) lib/haml/precompiler.rb:168:in `precompile'
    haml (2.2.2) lib/haml/engine.rb:112:in `initialize'
    haml (2.2.2) rails/./lib/haml/template/plugin.rb:21:in `new'
    haml (2.2.2) rails/./lib/haml/template/plugin.rb:21:in `compile'
    haml (2.2.2) lib/haml/helpers/action_view_mods.rb:13:in `render'
    haml (2.2.2) rails/./lib/sass/plugin/rails.rb:19:in `process'

Rendered rescues/_trace (297.7ms)
Rendered rescues/_request_and_response (1.0ms)
Rendering rescues/layout (internal_server_error)


Processing SiteController#services (for 127.0.0.1 at 2009-09-17 00:07:49) [GET]
Rendering site/services

ActionView::TemplateError (Inconsistent indentation: 1 tab was used for indentation, but the rest of the document was indented using 2 spaces.) on line #21 of app/views/site/services.html.haml:
18:       de courriers, articles, contenu de sites internet (en plusieurs langues)
19:     %li
20:       %span.highlight
21: 	Retranscription
22:       audio et vidéo (en plusieurs langues)
23:     %li
24:       %span.highlight

    app/views/site/services.html.haml:21
    haml (2.2.2) lib/haml/precompiler.rb:141:in `tabs'
    haml (2.2.2) lib/haml/precompiler.rb:123:in `instance_eval'
    haml (2.2.2) lib/haml/precompiler.rb:123:in `tabs'
    haml (2.2.2) lib/haml/precompiler.rb:944:in `block_opened?'
    haml (2.2.2) lib/haml/precompiler.rb:700:in `render_tag'
    haml (2.2.2) lib/haml/precompiler.rb:204:in `process_line'
    haml (2.2.2) lib/haml/precompiler.rb:168:in `precompile'
    haml (2.2.2) lib/haml/engine.rb:112:in `initialize'
    haml (2.2.2) rails/./lib/haml/template/plugin.rb:21:in `new'
    haml (2.2.2) rails/./lib/haml/template/plugin.rb:21:in `compile'
    haml (2.2.2) lib/haml/helpers/action_view_mods.rb:13:in `render'
    haml (2.2.2) rails/./lib/sass/plugin/rails.rb:19:in `process'

Rendered rescues/_trace (123.1ms)
Rendered rescues/_request_and_response (0.6ms)
Rendering rescues/layout (internal_server_error)


Processing SiteController#services (for 127.0.0.1 at 2009-09-17 00:07:57) [GET]
Rendering site/services

ActionView::TemplateError (Inconsistent indentation: 1 tab was used for indentation, but the rest of the document was indented using 2 spaces.) on line #25 of app/views/site/services.html.haml:
22:       audio et vidéo (en plusieurs langues)
23:     %li
24:       %span.highlight
25: 	Création de sites 
26:       internet et logos.
27:     %li
28:       %span.highlight

    app/views/site/services.html.haml:25
    haml (2.2.2) lib/haml/precompiler.rb:141:in `tabs'
    haml (2.2.2) lib/haml/precompiler.rb:123:in `instance_eval'
    haml (2.2.2) lib/haml/precompiler.rb:123:in `tabs'
    haml (2.2.2) lib/haml/precompiler.rb:944:in `block_opened?'
    haml (2.2.2) lib/haml/precompiler.rb:700:in `render_tag'
    haml (2.2.2) lib/haml/precompiler.rb:204:in `process_line'
    haml (2.2.2) lib/haml/precompiler.rb:168:in `precompile'
    haml (2.2.2) lib/haml/engine.rb:112:in `initialize'
    haml (2.2.2) rails/./lib/haml/template/plugin.rb:21:in `new'
    haml (2.2.2) rails/./lib/haml/template/plugin.rb:21:in `compile'
    haml (2.2.2) lib/haml/helpers/action_view_mods.rb:13:in `render'
    haml (2.2.2) rails/./lib/sass/plugin/rails.rb:19:in `process'

Rendered rescues/_trace (300.9ms)
Rendered rescues/_request_and_response (0.6ms)
Rendering rescues/layout (internal_server_error)


Processing SiteController#services (for 127.0.0.1 at 2009-09-17 00:08:08) [GET]
Rendering site/services
Completed in 33ms (View: 27, DB: 0) | 200 OK [http://localhost/services]


Processing SiteController#services (for 127.0.0.1 at 2009-09-17 00:08:45) [GET]
Rendering site/services
Completed in 6ms (View: 2, DB: 0) | 200 OK [http://localhost/services]


Processing SiteController#services (for 127.0.0.1 at 2009-09-17 00:35:57) [GET]
Rendering site/services
Completed in 39ms (View: 24, DB: 0) | 200 OK [http://localhost/services]


Processing SiteController#services (for 127.0.0.1 at 2009-09-17 00:36:05) [GET]
Rendering site/services
Completed in 6ms (View: 2, DB: 0) | 200 OK [http://localhost/services]


Processing SiteController#services (for 127.0.0.1 at 2009-09-17 00:47:44) [GET]
Rendering site/services
Completed in 55ms (View: 17, DB: 0) | 200 OK [http://localhost/services]


Processing SiteController#services (for 127.0.0.1 at 2009-09-17 00:47:45) [GET]
Rendering site/services
Completed in 24ms (View: 6, DB: 0) | 200 OK [http://localhost/services]


Processing SiteController#index (for 127.0.0.1 at 2009-09-17 00:47:53) [GET]
Rendering site/index
Completed in 51ms (View: 19, DB: 0) | 200 OK [http://localhost/]


Processing SiteController#index (for 127.0.0.1 at 2009-09-17 00:48:18) [GET]
Rendering site/index
Completed in 15ms (View: 4, DB: 0) | 200 OK [http://localhost/]


Processing SiteController#index (for 127.0.0.1 at 2009-09-17 00:48:21) [GET]
Rendering site/index
Completed in 23ms (View: 5, DB: 0) | 200 OK [http://localhost/]


Processing SiteController#index (for 127.0.0.1 at 2009-09-17 00:50:59) [GET]
Rendering site/index
Completed in 20ms (View: 5, DB: 0) | 200 OK [http://localhost/]


Processing SiteController#index (for 127.0.0.1 at 2009-09-17 00:51:00) [GET]
Rendering site/index
Completed in 25ms (View: 9, DB: 0) | 200 OK [http://localhost/]
